[INFO  - 2017-02-06T17:18:21.514Z] GhostDriver - Main - running on port 51852
[INFO  - 2017-02-06T17:18:21.530Z] Session [426cc850-ec90-11e6-8370-ebad99b9bc16] - page.settings - {"XSSAuditingEnabled":false,"javascriptCanCloseWindows":true,"javascriptCanOpenWindows":true,"javascriptEnabled":true,"loadImages":true,"localToRemoteUrlAccessEnabled":false,"userAgent":"Mozilla/5.0 (Macintosh; Intel Mac OS X) AppleWebKit/538.1 (KHTML, like Gecko) PhantomJS/2.1.1 Safari/538.1","webSecurityEnabled":true}
[INFO  - 2017-02-06T17:18:21.530Z] Session [426cc850-ec90-11e6-8370-ebad99b9bc16] - page.customHeaders:  - {}
[INFO  - 2017-02-06T17:18:21.530Z] Session [426cc850-ec90-11e6-8370-ebad99b9bc16] - Session.negotiatedCapabilities - {"browserName":"phantomjs","version":"2.1.1","driverName":"ghostdriver","driverVersion":"1.2.0","platform":"mac-unknown-64bit","javascriptEnabled":true,"takesScreenshot":true,"handlesAlerts":false,"databaseEnabled":false,"locationContextEnabled":false,"applicationCacheEnabled":false,"browserConnectionEnabled":false,"cssSelectorsEnabled":true,"webStorageEnabled":false,"rotatable":false,"acceptSslCerts":false,"nativeEvents":true,"proxy":{"proxyType":"direct"}}
[INFO  - 2017-02-06T17:18:21.530Z] SessionManagerReqHand - _postNewSessionCommand - New Session Created: 426cc850-ec90-11e6-8370-ebad99b9bc16
[ERROR - 2017-02-06T17:18:39.788Z] Session [426cc850-ec90-11e6-8370-ebad99b9bc16] - page.onError - msg: SecurityError: DOM Exception 18: An attempt was made to break through the security policy of the user agent.

  phantomjs://platform/console++.js:263 in error
[ERROR - 2017-02-06T17:18:39.788Z] Session [426cc850-ec90-11e6-8370-ebad99b9bc16] - page.onError - stack:
  open (http://cdn.segment.com/analytics.js/v1/wCVPCOnEQqWVDPlmfZtwESsrUlAX814E/analytics.min.js:7)
  o (http://cdn.segment.com/analytics.js/v1/wCVPCOnEQqWVDPlmfZtwESsrUlAX814E/analytics.min.js:7)
  o (http://cdn.segment.com/analytics.js/v1/wCVPCOnEQqWVDPlmfZtwESsrUlAX814E/analytics.min.js:5)
  send (http://cdn.segment.com/analytics.js/v1/wCVPCOnEQqWVDPlmfZtwESsrUlAX814E/analytics.min.js:5)
  onpage (http://cdn.segment.com/analytics.js/v1/wCVPCOnEQqWVDPlmfZtwESsrUlAX814E/analytics.min.js:5)
  (anonymous function) (http://cdn.segment.com/analytics.js/v1/wCVPCOnEQqWVDPlmfZtwESsrUlAX814E/analytics.min.js:5)
  emit (http://cdn.segment.com/analytics.js/v1/wCVPCOnEQqWVDPlmfZtwESsrUlAX814E/analytics.min.js:7)
  (anonymous function) (http://cdn.segment.com/analytics.js/v1/wCVPCOnEQqWVDPlmfZtwESsrUlAX814E/analytics.min.js:7)
  _invoke (http://cdn.segment.com/analytics.js/v1/wCVPCOnEQqWVDPlmfZtwESsrUlAX814E/analytics.min.js:1)
  (anonymous function) (http://cdn.segment.com/analytics.js/v1/wCVPCOnEQqWVDPlmfZtwESsrUlAX814E/analytics.min.js:7)
  page (http://cdn.segment.com/analytics.js/v1/wCVPCOnEQqWVDPlmfZtwESsrUlAX814E/analytics.min.js:1)
  (anonymous function) (http://cdn.segment.com/analytics.js/v1/wCVPCOnEQqWVDPlmfZtwESsrUlAX814E/analytics.min.js:7)
  (anonymous function) (http://cdn.segment.com/analytics.js/v1/wCVPCOnEQqWVDPlmfZtwESsrUlAX814E/analytics.min.js:1)
  (anonymous function) (http://cdn.segment.com/analytics.js/v1/wCVPCOnEQqWVDPlmfZtwESsrUlAX814E/analytics.min.js:1)
  i (http://cdn.segment.com/analytics.js/v1/wCVPCOnEQqWVDPlmfZtwESsrUlAX814E/analytics.min.js:1)
  e (http://cdn.segment.com/analytics.js/v1/wCVPCOnEQqWVDPlmfZtwESsrUlAX814E/analytics.min.js:1)
  (anonymous function) (http://cdn.segment.com/analytics.js/v1/wCVPCOnEQqWVDPlmfZtwESsrUlAX814E/analytics.min.js:1)

  phantomjs://platform/console++.js:263 in error
[ERROR - 2017-02-06T17:19:51.421Z] Session [426cc850-ec90-11e6-8370-ebad99b9bc16] - page.onError - msg: SecurityError: DOM Exception 18: An attempt was made to break through the security policy of the user agent.

  phantomjs://platform/console++.js:263 in error
[ERROR - 2017-02-06T17:19:51.421Z] Session [426cc850-ec90-11e6-8370-ebad99b9bc16] - page.onError - stack:
  open (http://cdn.segment.com/analytics.js/v1/wCVPCOnEQqWVDPlmfZtwESsrUlAX814E/analytics.min.js:7)
  o (http://cdn.segment.com/analytics.js/v1/wCVPCOnEQqWVDPlmfZtwESsrUlAX814E/analyt[INFO  - 2017-02-06T17:22:56.939Z] SessionManagerReqHand - _cleanupWindowlessSessions - Asynchronous Sessions clean-up phase starting NOW
[INFO  - 2017-02-06T17:27:56.949Z] SessionManagerReqHand - _cleanupWindowlessSessions - Asynchronous Sessions clean-up phase starting NOW
[INFO  - 2017-02-06T17:24:58.021Z] SessionManagerReqHand - _cleanupWindowlessSessions - Asynchronous Sessions clean-up phase starting NOW
tics.min.js:5)
  emit (http://cdn.segment.com/analytics.js/v1/wCVPCOnEQqWVDPlmfZtwESsrUlAX814E/analytics.min.js:7)
  (anonymous function) (http://cdn.segment.com/analytics.js/v1/wCVPCOnEQqWVDPlmfZtwESsrUlAX814E/analytics.min.js:7)
  _invoke (http://cdn.segment.com/analytics.js/v1/wCVPCOnEQqWVDPlmfZtwESsrUlAX814E/analytics.min.js:1)
  (anonymous function) (http://cdn.segment.com/analytics.js/v1/wCVPCOnEQqWVDPlmfZtwESsrUlAX814E/analytics.min.js:7)
  page (http://cdn.segment.com/analytics.js/v1/wCVPCOnEQqWVDPlmfZtwESsrUlAX814E/analytics.min.js:1)
  (anonymous function) (http://cdn.segment.com/analytics.js/v1/wCVPCOnEQqWVDPlmfZtwESsrUlAX814E/analytics.min.js:7)
  (anonymous function) (http://cdn.segment.com/analytics.js/v1/wCVPCOnEQqWVDPlmfZtwESsrUlAX814E/analytics.min.js:1)
  (anonymous function) (http://cdn.segment.com/analytics.js/v1/wCVPCOnEQqWVDPlmfZtwESsrUlAX814E/analytics.min.js:1)
  i (http://cdn.segment.com/analytics.js/v1/wCVPCOnEQqWVDPlmfZtwESsrUlAX814E/analytics.min.js:1)
  e (http://cdn.segment.com/analytics.js/v1/wCVPCOnEQqWVDPlmfZtwESsrUlAX814E/analytics.min.js:1)
  (anonymous function) (http://cdn.segment.com/analytics.js/v1/wCVPCOnEQqWVDPlmfZtwESsrUlAX814E/analytics.min.js:1)

  phantomjs://platform/console++.js:263 in error
